<?xml version="1.0" encoding="utf-8"?><testsuites name="pytest tests"><testsuite name="pytest" errors="0" failures="0" skipped="0" tests="6" time="1.647" timestamp="2026-09-08T03:40:19.590722+00:00" hostname="agent-env-1ab61664-5ad6-4529-87f6-1bffb422e8ae"><testcase classname="tests.test_beta_backend.TestInvitations" name="test_missing_auth_returns_401" time="0.163" /><testcase classname="tests.test_beta_backend.TestHealth" name="test_root" time="0.161" /><testcase classname="tests.test_beta_backend.TestStatus" name="test_create_status_and_verify_persistence" time="0.139" /><testcase classname="tests.test_beta_backend.TestInvitations" name="test_non_bearer_auth_returns_401" time="0.062" /><testcase classname="tests.test_beta_backend.TestInvitations" name="test_invalid_length_invitation_id_returns_422" time="0.061" /><testcase classname="tests.test_beta_backend.TestInvitations" name="test_valid_length_bogus_token_returns_403_or_404" time="0.972" /></testsuite></testsuites>